<?xml version="1.0" encoding="UTF-8"?>
<testsuite hostname="EPBYMINW0918" name="by.epam.testmodule4.BuketTest" tests="4" failures="1" timestamp="12 May 2015 15:45:44 GMT" time="0.921" errors="0">
  <testcase name="checkNameBouquetFromDB" time="0.836" classname="by.epam.testmodule4.BuketTest">
    <failure type="java.lang.AssertionError" message="expected:&amp;lt;ExampleDB&amp;gt; but was:&amp;lt;Test&amp;gt;">
      <![CDATA[java.lang.AssertionError: expected:<ExampleDB> but was:<Test>
	at by.epam.testmodule4.BuketTest.checkNameBouquetFromDB(BuketTest.java:33)
... Removed 30 stack frames]]>
    </failure>
  </testcase>
  <testcase name="checkNameBouquetFromXML" time="0.032" classname="by.epam.testmodule4.BuketTest"/>
  <testcase name="testAddFlower" time="0.02" classname="by.epam.testmodule4.BuketTest"/>
  <testcase name="testBuketSumma" time="0.005" classname="by.epam.testmodule4.BuketTest"/>
</testsuite>
